<?xml version="1.0" encoding="UTF-8"?>
<!-- Generated by org.testng.reporters.JUnitReportReporter -->
<testsuite hostname="BA-000288998" failures="0" tests="5" name="com.telus.testannaotation.RegisterDemo2" time="0.010" errors="0" timestamp="2023-01-25T11:24:17 IST" skipped="0">
  <testcase classname="com.telus.testannaotation.RegisterDemo2" name="launchApplication" time="0.006"/>
  <system-out/>
  <testcase classname="com.telus.testannaotation.RegisterDemo2" name="navigateToRegisterForm" time="0.001"/>
  <system-out/>
  <testcase classname="com.telus.testannaotation.RegisterDemo2" name="registerForDemo" time="0.001"/>
  <system-out/>
  <testcase classname="com.telus.testannaotation.RegisterDemo2" name="valideSuccessfulMsg" time="0.001"/>
  <system-out/>
  <testcase classname="com.telus.testannaotation.RegisterDemo2" name="closeApplication" time="0.001"/>
  <system-out/>
</testsuite> <!-- com.telus.testannaotation.RegisterDemo2 -->
