<?xml version="1.0" encoding="UTF-8"?>
<!-- Generated by org.testng.reporters.JUnitReportReporter -->
<testsuite hostname="BA-000288998" failures="0" tests="6" name="com.telus.testannaotation.BankingApplDepeOnMultipuleMethods6" time="0.012" errors="0" timestamp="2023-01-25T11:25:29 IST" skipped="0">
  <testcase classname="com.telus.testannaotation.BankingApplDepeOnMultipuleMethods6" name="tallyAccountBallance" time="0.000"/>
  <system-out/>
  <testcase classname="com.telus.testannaotation.BankingApplDepeOnMultipuleMethods6" name="checkSavingAccountBalnce" time="0.001"/>
  <system-out/>
  <testcase classname="com.telus.testannaotation.BankingApplDepeOnMultipuleMethods6" name="loggOff" time="0.001"/>
  <system-out/>
  <testcase classname="com.telus.testannaotation.BankingApplDepeOnMultipuleMethods6" name="launchApplication" time="0.008"/>
  <system-out/>
  <testcase classname="com.telus.testannaotation.BankingApplDepeOnMultipuleMethods6" name="loginUser" time="0.001"/>
  <system-out/>
  <testcase classname="com.telus.testannaotation.BankingApplDepeOnMultipuleMethods6" name="checkCurrentAccountBalnce" time="0.001"/>
  <system-out/>
</testsuite> <!-- com.telus.testannaotation.BankingApplDepeOnMultipuleMethods6 -->
