<?xml version="1.0" encoding="UTF-8"?>
<!-- Generated by org.testng.reporters.JUnitReportReporter -->
<testsuite hostname="BA-000288998" failures="0" tests="4" name="com.telus.methodandclass.ScreenNavigationMethod7" time="0.011" errors="0" timestamp="2023-01-25T11:24:17 IST" skipped="0">
  <testcase classname="com.telus.methodandclass.ScreenNavigationMethod7" name="navigateToRegisterForm" time="0.002"/>
  <system-out/>
  <testcase classname="com.telus.methodandclass.ScreenNavigationMethod7" name="navigateToAlertPopUp" time="0.006"/>
  <system-out/>
  <testcase classname="com.telus.methodandclass.ScreenNavigationMethod7" name="navigateToMultipuleWindows" time="0.001"/>
  <system-out/>
  <testcase classname="com.telus.methodandclass.ScreenNavigationMethod7" name="navigateToWebTable" time="0.002"/>
  <system-out/>
</testsuite> <!-- com.telus.methodandclass.ScreenNavigationMethod7 -->
