<?xml version="1.0" encoding="UTF-8"?>
<!-- Generated by org.testng.reporters.JUnitReportReporter -->
<testsuite hostname="BA-000288998" failures="0" tests="5" name="com.telus.testannaotation.RegisterDemo" time="0.020" errors="0" timestamp="2023-01-24T20:01:50 IST" skipped="0">
  <testcase classname="com.telus.testannaotation.RegisterDemo" name="launchApplication" time="0.012"/>
  <system-out/>
  <testcase classname="com.telus.testannaotation.RegisterDemo" name="navigateToRegisterForm" time="0.003"/>
  <system-out/>
  <testcase classname="com.telus.testannaotation.RegisterDemo" name="registerForDemo" time="0.002"/>
  <system-out/>
  <testcase classname="com.telus.testannaotation.RegisterDemo" name="valideSuccessfulMsg" time="0.001"/>
  <system-out/>
  <testcase classname="com.telus.testannaotation.RegisterDemo" name="closeApplication" time="0.002"/>
  <system-out/>
</testsuite> <!-- com.telus.testannaotation.RegisterDemo -->
