<?xml version="1.0" encoding="UTF-8"?>
<!-- Generated by org.testng.reporters.JUnitReportReporter -->
<testsuite hostname="BA-000288998" failures="0" tests="5" name="com.telus.testannaotation.AlphbeticOrder" time="0.015" errors="0" timestamp="2023-01-24T19:50:32 IST" skipped="0">
  <testcase classname="com.telus.testannaotation.AlphbeticOrder" name="d" time="0.001"/>
  <system-out/>
  <testcase classname="com.telus.testannaotation.AlphbeticOrder" name="a" time="0.010"/>
  <system-out/>
  <testcase classname="com.telus.testannaotation.AlphbeticOrder" name="b" time="0.002"/>
  <system-out/>
  <testcase classname="com.telus.testannaotation.AlphbeticOrder" name="e" time="0.001"/>
  <system-out/>
  <testcase classname="com.telus.testannaotation.AlphbeticOrder" name="c" time="0.001"/>
  <system-out/>
</testsuite> <!-- com.telus.testannaotation.AlphbeticOrder -->
