<?xml version="1.0" encoding="UTF-8"?>
<!-- Generated by org.testng.reporters.JUnitReportReporter -->
<testsuite hostname="BA-000288998" failures="0" tests="6" name="com.telus.testannaotation.BankingApplAssertValidation3" time="0.008" errors="0" timestamp="2023-01-25T11:24:17 IST" skipped="1">
  <testcase classname="com.telus.testannaotation.BankingApplAssertValidation3" name="launchApplication" time="0.003"/>
  <system-out/>
  <testcase classname="com.telus.testannaotation.BankingApplAssertValidation3" name="loginUser" time="0.001"/>
  <system-out/>
  <testcase classname="com.telus.testannaotation.BankingApplAssertValidation3" name="checkSavingAccountBalnce" time="0.002"/>
  <system-out/>
  <testcase classname="com.telus.testannaotation.BankingApplAssertValidation3" name="loggOff" time="0.001"/>
  <system-out/>
  <testcase classname="com.telus.testannaotation.BankingApplAssertValidation3" name="closeApplication" time="0.001"/>
  <system-out/>
  <testcase classname="com.telus.testannaotation.BankingApplAssertValidation3" name="checkCurrentAccountBalnce">
    <skipped/>
  </testcase> <!-- checkCurrentAccountBalnce -->
  <system-out/>
</testsuite> <!-- com.telus.testannaotation.BankingApplAssertValidation3 -->
